<?xml version="1.0" encoding="UTF-8"?>
<!-- Generated by org.testng.reporters.JUnitReportReporter -->
<testsuite hostname="DESKTOP-4S43LEA" failures="0" tests="1" name="mobilePhones.TC_AT_001test" time="14.292" errors="0" timestamp="2022-02-01T10:59:33 GMT-08:00" skipped="0">
  <testcase classname="mobilePhones.TC_AT_001test" name="employeename" time="14.292"/>
  <system-out>
Name : Devaraj Shirur  </system-out>
</testsuite> <!-- mobilePhones.TC_AT_001test -->
